<?xml version="1.0" encoding="UTF-8"?>
<testsuite xmlns:xsi="http://www.w3.org/2001/XMLSchema-instance" xsi:noNamespaceSchemaLocation="https://maven.apache.org/surefire/maven-surefire-plugin/xsd/surefire-test-report-3.0.xsd" version="3.0" name="de.eldecker.dhbw.cucumber.hashmaptest.RunCucumberTest" time="0.199" tests="1" errors="0" skipped="0" failures="0">
  <properties>
[...]
</properties>
  <testcase name="Schönwetterflug" classname="HashMap" time="0.066">
    <system-out><![CDATA[
Scenario: Schönwetterflug                                         &amp#27;[90m# de/eldecker/dhbw/cucumber/hashmaptest/hashmap.feature:3&amp#27;[0m
  &amp#27;[32mGiven &amp#27;[0m&amp#27;[32mdie HashMap ist für den Typ String initialisiert&amp#27;[0m          &amp#27;[90m# de.eldecker.dhbw.cucumber.hashmaptest.StepDefinitions.givenDieHashMapFuerStringIstInitialiert()&amp#27;[0m
  &amp#27;[32mWhen &amp#27;[0m&amp#27;[32mich füge den Wert &amp#27;[0m&amp#27;[32m&amp#27;[1m"Klausur"&amp#27;[0m&amp#27;[32m unter dem Schlüssel &amp#27;[0m&amp#27;[32m&amp#27;[1m"s1"&amp#27;[0m&amp#27;[32m hinzu&amp#27;[0m &amp#27;[90m# de.eldecker.dhbw.cucumber.hashmaptest.StepDefinitions.whenIchFuegeWertHinzu(java.lang.String,java.lang.String)&amp#27;[0m
  &amp#27;[32mThen &amp#27;[0m&amp#27;[32merhalte ich den Wert &amp#27;[0m&amp#27;[32m&amp#27;[1m"Klausur"&amp#27;[0m&amp#27;[32m für den Schlüssel &amp#27;[0m&amp#27;[32m&amp#27;[1m"s1"&amp#27;[0m      &amp#27;[90m# de.eldecker.dhbw.cucumber.hashmaptest.StepDefinitions.thenWertUnterSchluessel(java.lang.String,java.lang.String)&amp#27;[0m
]]></system-out>
  </testcase>
</testsuite>